[00:07:36] POST   200 /base/getPortalConfig  params={}
[00:07:36] POST   200 /base/getPortalConfig  params={}
[00:07:36] POST   200 /base/getPortalConfig  params={}
[00:07:36] GET    200 /getLoginUser  params={'_t': '0.06202080945624866'}
[00:07:36] GET    200 /getLoginUserAndGuest  params={'_t': '0.8500315373598561'}
[00:07:36] GET    200 /getPageView  params={'_t': '0.4726474789278351', 'pageCode': 'hall', 'originalUrl': 'https%3A%2F%2Fall.tongji.edu.cn%2Fnew%2Findex.html%23%2Fhall', 'lang': 'zh_CN'}
[00:07:36] POST   200 /casp-ioc//api/clientIp  params={}
[00:07:36] POST   200 /idp/authcenter/getWechatQrpic  params={}
[00:07:46] POST   200 /idp/authcenter/ActionAuthChain  params={'authnLcKey': 'a8b3204a-72cc-48ad-a00d-5524126d5cd0'}
[00:07:47] POST   200 /base/getPortalConfig  params={}
[00:07:47] POST   200 /base/getPortalConfig  params={}
[00:07:47] POST   200 /base/getPortalConfig  params={}
[00:07:47] GET    200 /getLoginUser  params={'_t': '0.03341242850472681'}
[00:07:48] GET    200 /getLoginUserAndGuest  params={'_t': '0.33776086342865186'}
[00:07:48] POST   200 /casp-ioc//api/clientIp  params={}
[00:07:48] GET    200 /getPageView  params={'_t': '0.3739428511084567', 'pageCode': 'hall', 'originalUrl': 'https%3A%2F%2Fall.tongji.edu.cn%2Fnew%2Findex.html%23%2Fhall', 'lang': 'zh_CN'}
[00:07:48] GET    200 /queryI18nList  params={'_t': '0.9116927559793561', 'lang': 'zh_CN'}
[00:07:49] POST   200 /language/getStaticData  params={}
[00:07:49] GET    200 /getUserPermissionRouters  params={'_t': '0.36573899544955946', 'langCountry': 'zh_CN'}
[00:07:49] POST   200 /programme/queryPopupWindowDisplay  params={}
[00:07:49] GET    200 /common/clientIp  params={}
[00:07:49] POST   200 /queryUserSiteWitching  params={}
[00:07:49] POST   200 /common/getProgrammeLocalStyle  params={}
[00:07:49] POST   200 /execCardMethod/14783515088231503/SYS_CARD_SERVICEITEMCOUNT  params={}
[00:07:49] GET    200 /getSearchHisVal/2c267876c0f146f58cb48798455a8149  params={'_t': '0.2602445630111647'}
[00:07:50] POST   200 /execCardMethod/2412655131570034/SYS_CARD_RECOMMENDSERVICEITEMS  params={}
[00:07:50] POST   200 /execTemplateMethod  params={}
[00:07:50] POST   200 /execCardMethod/9400584705138746/SYS_CARD_PERSONALDATA  params={}
[00:07:50] POST   200 /execCardMethod/7908359656474311/SYS_CARD_FEEDBACK  params={}
[00:07:50] POST   200 /execCardMethod/7908359656474311/SYS_CARD_FEEDBACK  params={}
[00:07:50] POST   200 /execCardMethod/2604189239442234/SYS_CARD_NEWSANNOUNCEMENT  params={}
[00:07:50] POST   200 /execCardMethod/7762244867288526/CUS_CARD_TJFEED  params={}
[00:07:50] POST   200 /execCardMethod/7762244867288526/CUS_CARD_TJFEED  params={}
[00:07:50] POST   200 /execCardMethod/7762244867288526/CUS_CARD_TJFEED  params={}
[00:07:50] POST   200 /execCardMethod/6197330506878103/CUS_CARD_TJWDRC  params={}
[00:07:50] POST   200 /execCardMethod/6197330506878103/CUS_CARD_TJWDRC  params={}
[00:07:50] POST   200 /execCardMethod/15718034616491794/CUS_CARD_TODOTASK  params={}
[00:07:50] POST   200 /execCardMethod/26788578012182485/SYS_CARD_RECENTSERVICEITEMS  params={}
[00:07:50] POST   200 /execCardMethod/807945229067524/CUS_CARD_TJDATAS  params={}
[00:07:50] POST   200 /execCardMethod/7609981753372257/CUS_CARD_TJZXSX  params={}
[00:07:50] POST   200 /execCardMethod/9400584705138746/SYS_CARD_PERSONALDATA  params={}
[00:07:50] GET    200 /custom/api/v1/dc/user/single_info  params={}
[00:07:50] GET    200 /custom/api/v1/infra/task_center/service_count  params={'startTime': '2026-06-28 00:00:00', 'endTime': '2026-06-28 23:59:59', 'type': '2'}
[00:07:50] GET    200 /custom/api/v1/rt/card/card_balance  params={'userId': '2552304'}
[00:07:50] GET    200 /custom/api/v1/dc/user/student_info  params={'userId': '2552304'}
[00:07:50] GET    200 /custom/api/v1/dc/sep_auth/student_accommodation_info  params={'userId': '2552304'}
[00:07:50] GET    200 /custom/api/v1/rt/book/library_current_borrow  params={'userId': '2552304'}
[00:07:50] GET    200 /custom/api/v1/rt/nyzx/electricity/user  params={'userId': '2552304'}
[00:07:51] GET    200 /custom/api/v1/rt/teaching_info/sports_test_data  params={}
[00:07:51] GET    200 /custom/api/v1/rt/teaching_info/sports_test_health  params={}
[00:07:51] GET    200 /custom/api/v1/dc/student_work_info/stipend  params={'userId': '2552304'}
[00:07:51] GET    200 /custom/api/v1/dc/student_work_info/work_study  params={'userId': '2552304'}
[00:07:51] GET    200 /custom/api/v1/dc/student_work_info/hardship_allowance  params={'userId': '2552304'}
[00:07:51] GET    200 /custom/api/v1/dc/student_work_info/student_loan  params={'userId': '2552304'}
[00:07:51] GET    200 /custom/api/v1/rt/teaching_info/undergraduate_summarized_grades  params={'userId': '2552304'}
[00:07:51] GET    200 /custom/api/v1/dc/user/person_info_by_pid  params={'pid': '10301836'}
[00:07:51] POST   200 /execCardMethod/7346299659518576/CUS_CARD_TONGJI_DATAS  params={}
[00:07:51] GET    200 /custom/api/v1/rt/onetongji/lecture/count_advanced_lecture  params={'userId': '2552304'}
[00:07:51] POST   200 /execCardMethod/7346299659518576/CUS_CARD_TONGJI_DATAS  params={}
[00:07:52] POST   200 /execCardMethod/7346299659518576/CUS_CARD_TONGJI_DATAS  params={}
[00:07:52] GET    200 /custom/api/v1/dc/card/week_or_month_sum  params={'userId': '2552304', 'cycle': 'month', 'tradeStartTime': '2026-01-01', 'tradeEndTime': '2026-6-28', 'n': '6'}
[00:07:52] POST   200 /casp-ioc//api/report  params={'encode': 'false'}
[00:07:53] POST   200 /casp-ioc//api/clientIp  params={}